

================================================================
== Vivado HLS Report for 'seq'
================================================================
* Date:           Mon Jul 29 22:55:42 2019

* Version:        2018.3 (Build 2405991 on Thu Dec 06 23:56:15 MST 2018)
* Project:        prj
* Solution:       solution1
* Product family: virtexuplus
* Target device:  xcu200-fsgd2104-2-e


================================================================
== Performance Estimates
================================================================
+ Timing (ns): 
    * Summary: 
    +--------+-------+----------+------------+
    |  Clock | Target| Estimated| Uncertainty|
    +--------+-------+----------+------------+
    |ap_clk  |   4.00|     1.086|        0.50|
    +--------+-------+----------+------------+

+ Latency (clock cycles): 
    * Summary: 
    +-----+------+-----+------+---------+
    |   Latency  |  Interval  | Pipeline|
    | min |  max | min |  max |   Type  |
    +-----+------+-----+------+---------+
    |    1|  2071|    1|  2071|   none  |
    +-----+------+-----+------+---------+

    + Detail: 
        * Instance: 
        N/A

        * Loop: 
        +-----------------+-----+------+----------+-----------+-----------+--------+----------+
        |                 |   Latency  | Iteration|  Initiation Interval  |  Trip  |          |
        |    Loop Name    | min |  max |  Latency |  achieved |   target  |  Count | Pipelined|
        +-----------------+-----+------+----------+-----------+-----------+--------+----------+
        |- Loop 1         |    0|  2070|       138|          -|          -| 0 ~ 15 |    no    |
        | + Loop 1.1      |  136|   136|        34|          -|          -|       4|    no    |
        |  ++ Loop 1.1.1  |   32|    32|         1|          -|          -|      32|    no    |
        +-----------------+-----+------+----------+-----------+-----------+--------+----------+



================================================================
== Utilization Estimates
================================================================
* Summary: 
+-----------------+---------+-------+---------+---------+-----+
|       Name      | BRAM_18K| DSP48E|    FF   |   LUT   | URAM|
+-----------------+---------+-------+---------+---------+-----+
|DSP              |        -|      -|        -|        -|    -|
|Expression       |        -|      -|        0|      627|    -|
|FIFO             |        -|      -|        -|        -|    -|
|Instance         |        -|      -|        0|       65|    -|
|Memory           |        -|      -|        -|        -|    -|
|Multiplexer      |        -|      -|        -|      270|    -|
|Register         |        -|      -|      824|        -|    -|
+-----------------+---------+-------+---------+---------+-----+
|Total            |        0|      0|      824|      962|    0|
+-----------------+---------+-------+---------+---------+-----+
|Available        |     4320|   6840|  2364480|  1182240|  960|
+-----------------+---------+-------+---------+---------+-----+
|Utilization (%)  |        0|      0|    ~0   |    ~0   |    0|
+-----------------+---------+-------+---------+---------+-----+

+ Detail: 
    * Instance: 
    +-------------------------+----------------------+---------+-------+---+----+
    |         Instance        |        Module        | BRAM_18K| DSP48E| FF| LUT|
    +-------------------------+----------------------+---------+-------+---+----+
    |mcSVEqLinkStructNbkb_U1  |mcSVEqLinkStructNbkb  |        0|      0|  0|  65|
    +-------------------------+----------------------+---------+-------+---+----+
    |Total                    |                      |        0|      0|  0|  65|
    +-------------------------+----------------------+---------+-------+---+----+

    * DSP48: 
    N/A

    * Memory: 
    N/A

    * FIFO: 
    N/A

    * Expression: 
    +------------------------+----------+-------+---+----+------------+------------+
    |      Variable Name     | Operation| DSP48E| FF| LUT| Bitwidth P0| Bitwidth P1|
    +------------------------+----------+-------+---+----+------------+------------+
    |b_fu_442_p2             |     +    |      0|  0|  15|           6|           1|
    |i_fu_408_p2             |     +    |      0|  0|  11|           3|           1|
    |k_fu_372_p2             |     +    |      0|  0|  12|           4|           1|
    |tmp_1_fu_454_p2         |    and   |      0|  0|  32|          32|          32|
    |exitcond_fu_367_p2      |   icmp   |      0|  0|   9|           4|           4|
    |exitcond_i_fu_436_p2    |   icmp   |      0|  0|  11|           6|           7|
    |tmp_2_fu_459_p2         |   icmp   |      0|  0|  20|          32|           1|
    |tmp_6_fu_402_p2         |   icmp   |      0|  0|   9|           3|           4|
    |s_out_0_fu_507_p3       |  select  |      0|  0|  32|           1|           1|
    |s_out_1_13_fu_493_p3    |  select  |      0|  0|  32|           1|           1|
    |s_out_2_11_fu_479_p3    |  select  |      0|  0|  32|           1|           1|
    |s_out_3_9_fu_465_p3     |  select  |      0|  0|  32|           1|           1|
    |tmp_s_fu_448_p2         |    shl   |      0|  0|  92|           1|          32|
    |s_out_0_1_15_fu_515_p2  |    xor   |      0|  0|  32|          32|          32|
    |s_out_1_1_14_fu_501_p2  |    xor   |      0|  0|  32|          32|          32|
    |s_out_2_1_12_fu_487_p2  |    xor   |      0|  0|  32|          32|          32|
    |s_out_3_1_10_fu_473_p2  |    xor   |      0|  0|  32|          32|          32|
    |tmp_3_fu_527_p2         |    xor   |      0|  0|  32|          32|          32|
    |tmp_4_fu_551_p2         |    xor   |      0|  0|  32|          32|          32|
    |tmp_5_fu_539_p2         |    xor   |      0|  0|  32|          32|          32|
    |tmp_7_fu_545_p2         |    xor   |      0|  0|  32|          32|          32|
    |x_assign_fu_533_p2      |    xor   |      0|  0|  32|          32|          32|
    +------------------------+----------+-------+---+----+------------+------------+
    |Total                   |          |      0|  0| 627|         383|         375|
    +------------------------+----------+-------+---+----+------------+------------+

    * Multiplexer: 
    +---------------------------------+----+-----------+-----+-----------+
    |               Name              | LUT| Input Size| Bits| Total Bits|
    +---------------------------------+----+-----------+-----+-----------+
    |ap_NS_fsm                        |  27|          5|    1|          5|
    |ap_return_0                      |   9|          2|   32|         64|
    |ap_return_1                      |   9|          2|   32|         64|
    |ap_return_2                      |   9|          2|   32|         64|
    |ap_return_3                      |   9|          2|   32|         64|
    |b_0_i_reg_356                    |   9|          2|    6|         12|
    |i_0_i_reg_249                    |   9|          2|    3|          6|
    |k_0_i_reg_142                    |   9|          2|    4|          8|
    |s_out_0_1_reg_296                |   9|          2|   32|         64|
    |s_out_1_1_reg_284                |   9|          2|   32|         64|
    |s_out_1_reg_179                  |   9|          2|   32|         64|
    |s_out_2_1_reg_272                |   9|          2|   32|         64|
    |s_out_2_reg_166                  |   9|          2|   32|         64|
    |s_out_3_1_reg_260                |   9|          2|   32|         64|
    |s_out_3_reg_153                  |   9|          2|   32|         64|
    |s_out_reg_192                    |   9|          2|   32|         64|
    |xoshiro128starstar_s_10_reg_344  |   9|          2|   32|         64|
    |xoshiro128starstar_s_11_reg_332  |   9|          2|   32|         64|
    |xoshiro128starstar_s_1_reg_112   |   9|          2|   32|         64|
    |xoshiro128starstar_s_2_reg_122   |   9|          2|   32|         64|
    |xoshiro128starstar_s_3_reg_132   |   9|          2|   32|         64|
    |xoshiro128starstar_s_4_reg_205   |   9|          2|   32|         64|
    |xoshiro128starstar_s_5_reg_216   |   9|          2|   32|         64|
    |xoshiro128starstar_s_6_reg_227   |   9|          2|   32|         64|
    |xoshiro128starstar_s_7_reg_238   |   9|          2|   32|         64|
    |xoshiro128starstar_s_8_reg_308   |   9|          2|   32|         64|
    |xoshiro128starstar_s_9_reg_320   |   9|          2|   32|         64|
    |xoshiro128starstar_s_reg_102     |   9|          2|   32|         64|
    +---------------------------------+----+-----------+-----+-----------+
    |Total                            | 270|         59|  782|       1567|
    +---------------------------------+----+-----------+-----+-----------+

    * Register: 
    +---------------------------------+----+----+-----+-----------+
    |               Name              | FF | LUT| Bits| Const Bits|
    +---------------------------------+----+----+-----+-----------+
    |ap_CS_fsm                        |   4|   0|    4|          0|
    |ap_return_0_preg                 |  32|   0|   32|          0|
    |ap_return_1_preg                 |  32|   0|   32|          0|
    |ap_return_2_preg                 |  32|   0|   32|          0|
    |ap_return_3_preg                 |  32|   0|   32|          0|
    |b_0_i_reg_356                    |   6|   0|    6|          0|
    |i_0_i_reg_249                    |   3|   0|    3|          0|
    |i_reg_615                        |   3|   0|    3|          0|
    |k_0_i_reg_142                    |   4|   0|    4|          0|
    |k_reg_607                        |   4|   0|    4|          0|
    |merge_i_reg_620                  |  32|   0|   32|          0|
    |s_out_0_1_reg_296                |  32|   0|   32|          0|
    |s_out_1_1_reg_284                |  32|   0|   32|          0|
    |s_out_1_reg_179                  |  32|   0|   32|          0|
    |s_out_2_1_reg_272                |  32|   0|   32|          0|
    |s_out_2_reg_166                  |  32|   0|   32|          0|
    |s_out_3_1_reg_260                |  32|   0|   32|          0|
    |s_out_3_reg_153                  |  32|   0|   32|          0|
    |s_out_reg_192                    |  32|   0|   32|          0|
    |xoshiro128starstar_s_10_reg_344  |  32|   0|   32|          0|
    |xoshiro128starstar_s_11_reg_332  |  32|   0|   32|          0|
    |xoshiro128starstar_s_1_reg_112   |  32|   0|   32|          0|
    |xoshiro128starstar_s_2_reg_122   |  32|   0|   32|          0|
    |xoshiro128starstar_s_3_reg_132   |  32|   0|   32|          0|
    |xoshiro128starstar_s_4_reg_205   |  32|   0|   32|          0|
    |xoshiro128starstar_s_5_reg_216   |  32|   0|   32|          0|
    |xoshiro128starstar_s_6_reg_227   |  32|   0|   32|          0|
    |xoshiro128starstar_s_7_reg_238   |  32|   0|   32|          0|
    |xoshiro128starstar_s_8_reg_308   |  32|   0|   32|          0|
    |xoshiro128starstar_s_9_reg_320   |  32|   0|   32|          0|
    |xoshiro128starstar_s_reg_102     |  32|   0|   32|          0|
    +---------------------------------+----+----+-----+-----------+
    |Total                            | 824|   0|  824|          0|
    +---------------------------------+----+----+-----+-----------+



================================================================
== Interface
================================================================
* Summary: 
+-------------+-----+-----+------------+--------------+--------------+
|  RTL Ports  | Dir | Bits|  Protocol  | Source Object|    C Type    |
+-------------+-----+-----+------------+--------------+--------------+
|ap_clk       |  in |    1| ap_ctrl_hs |      seq     | return value |
|ap_rst       |  in |    1| ap_ctrl_hs |      seq     | return value |
|ap_start     |  in |    1| ap_ctrl_hs |      seq     | return value |
|ap_done      | out |    1| ap_ctrl_hs |      seq     | return value |
|ap_idle      | out |    1| ap_ctrl_hs |      seq     | return value |
|ap_ready     | out |    1| ap_ctrl_hs |      seq     | return value |
|ap_return_0  | out |   32| ap_ctrl_hs |      seq     | return value |
|ap_return_1  | out |   32| ap_ctrl_hs |      seq     | return value |
|ap_return_2  | out |   32| ap_ctrl_hs |      seq     | return value |
|ap_return_3  | out |   32| ap_ctrl_hs |      seq     | return value |
|p_read       |  in |   32|   ap_none  |    p_read    |    scalar    |
|p_read1      |  in |   32|   ap_none  |    p_read1   |    scalar    |
|p_read2      |  in |   32|   ap_none  |    p_read2   |    scalar    |
|p_read3      |  in |   32|   ap_none  |    p_read3   |    scalar    |
|seq_id       |  in |    4|   ap_none  |    seq_id    |    scalar    |
+-------------+-----+-----+------------+--------------+--------------+

